[2023-10-27 04:10:41] local.ERROR: Uncaught Error: Call to undefined method App\Http\Kernel::getRouteMiddleware() in Command line code:1
Stack trace:
#0 {main}
  thrown {"exception":"[object] (Symfony\\Component\\Debug\\Exception\\FatalErrorException(code: 1): Uncaught Error: Call to undefined method App\\Http\\Kernel::getRouteMiddleware() in Command line code:1
Stack trace:
#0 {main}
  thrown at Command line code:1)
[stacktrace]
#0 {main}
"} 
[2023-10-27 15:18:38] local.ERROR: Uncaught Error: Call to undefined method App\Http\Kernel::getRouteMiddleware() in Command line code:1
Stack trace:
#0 {main}
  thrown {"exception":"[object] (Symfony\\Component\\Debug\\Exception\\FatalErrorException(code: 1): Uncaught Error: Call to undefined method App\\Http\\Kernel::getRouteMiddleware() in Command line code:1
Stack trace:
#0 {main}
  thrown at Command line code:1)
[stacktrace]
#0 {main}
"} 
[2023-10-27 16:33:28] local.ERROR: syntax error, unexpected ';' {"exception":"[object] (Symfony\\Component\\Debug\\Exception\\FatalThrowableError(code: 0): syntax error, unexpected ';' at C:\\laragon\\www\\qeyas\\app\\Services\\MoneyConverter.php:15)
[stacktrace]
#0 C:\\laragon\\www\\qeyas\\vendor\\composer\\ClassLoader.php(322): Composer\\Autoload\\includeFile('C:\\\\laragon\\\\www\\\\...')
#1 [internal function]: Composer\\Autoload\\ClassLoader->loadClass('App\\\\Services\\\\Mo...')
#2 C:\\laragon\\www\\qeyas\\app\\Helpers\\Helpers.php(136): spl_autoload_call('App\\\\Services\\\\Mo...')
#3 C:\\laragon\\www\\qeyas\\app\\Providers\\AppServiceProvider.php(45): convertMoney('1000')
#4 [internal function]: App\\Providers\\AppServiceProvider->boot()
#5 C:\\laragon\\www\\qeyas\\vendor\\laravel\\framework\\src\\Illuminate\\Container\\BoundMethod.php(29): call_user_func_array(Array, Array)
#6 C:\\laragon\\www\\qeyas\\vendor\\laravel\\framework\\src\\Illuminate\\Container\\BoundMethod.php(87): Illuminate\\Container\\BoundMethod::Illuminate\\Container\\{closure}()
#7 C:\\laragon\\www\\qeyas\\vendor\\laravel\\framework\\src\\Illuminate\\Container\\BoundMethod.php(31): Illuminate\\Container\\BoundMethod::callBoundMethod(Object(Illuminate\\Foundation\\Application), Array, Object(Closure))
#8 C:\\laragon\\www\\qeyas\\vendor\\laravel\\framework\\src\\Illuminate\\Container\\Container.php(572): Illuminate\\Container\\BoundMethod::call(Object(Illuminate\\Foundation\\Application), Array, Array, NULL)
#9 C:\\laragon\\www\\qeyas\\vendor\\laravel\\framework\\src\\Illuminate\\Foundation\\Application.php(819): Illuminate\\Container\\Container->call(Array)
#10 C:\\laragon\\www\\qeyas\\vendor\\laravel\\framework\\src\\Illuminate\\Foundation\\Application.php(802): Illuminate\\Foundation\\Application->bootProvider(Object(App\\Providers\\AppServiceProvider))
#11 [internal function]: Illuminate\\Foundation\\Application->Illuminate\\Foundation\\{closure}(Object(App\\Providers\\AppServiceProvider), 29)
#12 C:\\laragon\\www\\qeyas\\vendor\\laravel\\framework\\src\\Illuminate\\Foundation\\Application.php(803): array_walk(Array, Object(Closure))
#13 C:\\laragon\\www\\qeyas\\vendor\\laravel\\framework\\src\\Illuminate\\Foundation\\Bootstrap\\BootProviders.php(17): Illuminate\\Foundation\\Application->boot()
#14 C:\\laragon\\www\\qeyas\\vendor\\laravel\\framework\\src\\Illuminate\\Foundation\\Application.php(211): Illuminate\\Foundation\\Bootstrap\\BootProviders->bootstrap(Object(Illuminate\\Foundation\\Application))
#15 C:\\laragon\\www\\qeyas\\vendor\\laravel\\framework\\src\\Illuminate\\Foundation\\Console\\Kernel.php(297): Illuminate\\Foundation\\Application->bootstrapWith(Array)
#16 C:\\laragon\\www\\qeyas\\vendor\\laravel\\framework\\src\\Illuminate\\Foundation\\Console\\Kernel.php(120): Illuminate\\Foundation\\Console\\Kernel->bootstrap()
#17 Command line code(1): Illuminate\\Foundation\\Console\\Kernel->handle(Object(Symfony\\Component\\Console\\Input\\ArgvInput), Object(Symfony\\Component\\Console\\Output\\ConsoleOutput))
#18 {main}
"} 
[2023-10-27 16:33:28] local.ERROR: syntax error, unexpected ';' {"exception":"[object] (Symfony\\Component\\Debug\\Exception\\FatalThrowableError(code: 0): syntax error, unexpected ';' at C:\\laragon\\www\\qeyas\\app\\Services\\MoneyConverter.php:15)
[stacktrace]
#0 C:\\laragon\\www\\qeyas\\vendor\\composer\\ClassLoader.php(322): Composer\\Autoload\\includeFile('C:\\\\laragon\\\\www\\\\...')
#1 [internal function]: Composer\\Autoload\\ClassLoader->loadClass('App\\\\Services\\\\Mo...')
#2 C:\\laragon\\www\\qeyas\\app\\Helpers\\Helpers.php(136): spl_autoload_call('App\\\\Services\\\\Mo...')
#3 C:\\laragon\\www\\qeyas\\app\\Providers\\AppServiceProvider.php(45): convertMoney('1000')
#4 [internal function]: App\\Providers\\AppServiceProvider->boot()
#5 C:\\laragon\\www\\qeyas\\vendor\\laravel\\framework\\src\\Illuminate\\Container\\BoundMethod.php(29): call_user_func_array(Array, Array)
#6 C:\\laragon\\www\\qeyas\\vendor\\laravel\\framework\\src\\Illuminate\\Container\\BoundMethod.php(87): Illuminate\\Container\\BoundMethod::Illuminate\\Container\\{closure}()
#7 C:\\laragon\\www\\qeyas\\vendor\\laravel\\framework\\src\\Illuminate\\Container\\BoundMethod.php(31): Illuminate\\Container\\BoundMethod::callBoundMethod(Object(Illuminate\\Foundation\\Application), Array, Object(Closure))
#8 C:\\laragon\\www\\qeyas\\vendor\\laravel\\framework\\src\\Illuminate\\Container\\Container.php(572): Illuminate\\Container\\BoundMethod::call(Object(Illuminate\\Foundation\\Application), Array, Array, NULL)
#9 C:\\laragon\\www\\qeyas\\vendor\\laravel\\framework\\src\\Illuminate\\Foundation\\Application.php(819): Illuminate\\Container\\Container->call(Array)
#10 C:\\laragon\\www\\qeyas\\vendor\\laravel\\framework\\src\\Illuminate\\Foundation\\Application.php(802): Illuminate\\Foundation\\Application->bootProvider(Object(App\\Providers\\AppServiceProvider))
#11 [internal function]: Illuminate\\Foundation\\Application->Illuminate\\Foundation\\{closure}(Object(App\\Providers\\AppServiceProvider), 29)
#12 C:\\laragon\\www\\qeyas\\vendor\\laravel\\framework\\src\\Illuminate\\Foundation\\Application.php(803): array_walk(Array, Object(Closure))
#13 C:\\laragon\\www\\qeyas\\vendor\\laravel\\framework\\src\\Illuminate\\Foundation\\Bootstrap\\BootProviders.php(17): Illuminate\\Foundation\\Application->boot()
#14 C:\\laragon\\www\\qeyas\\vendor\\laravel\\framework\\src\\Illuminate\\Foundation\\Application.php(211): Illuminate\\Foundation\\Bootstrap\\BootProviders->bootstrap(Object(Illuminate\\Foundation\\Application))
#15 C:\\laragon\\www\\qeyas\\vendor\\laravel\\framework\\src\\Illuminate\\Foundation\\Console\\Kernel.php(297): Illuminate\\Foundation\\Application->bootstrapWith(Array)
#16 C:\\laragon\\www\\qeyas\\vendor\\laravel\\framework\\src\\Illuminate\\Foundation\\Console\\Kernel.php(120): Illuminate\\Foundation\\Console\\Kernel->bootstrap()
#17 Command line code(1): Illuminate\\Foundation\\Console\\Kernel->handle(Object(Symfony\\Component\\Console\\Input\\ArgvInput), Object(Symfony\\Component\\Console\\Output\\ConsoleOutput))
#18 {main}
"} 
[2023-10-27 19:04:32] local.ERROR: Uncaught Error: Call to undefined method App\Http\Kernel::getRouteMiddleware() in Command line code:1
Stack trace:
#0 {main}
  thrown {"exception":"[object] (Symfony\\Component\\Debug\\Exception\\FatalErrorException(code: 1): Uncaught Error: Call to undefined method App\\Http\\Kernel::getRouteMiddleware() in Command line code:1
Stack trace:
#0 {main}
  thrown at Command line code:1)
[stacktrace]
#0 {main}
"} 
[2023-10-27 19:04:53] local.ERROR: Uncaught Error: Call to undefined method App\Http\Kernel::getRouteMiddleware() in Command line code:1
Stack trace:
#0 {main}
  thrown {"exception":"[object] (Symfony\\Component\\Debug\\Exception\\FatalErrorException(code: 1): Uncaught Error: Call to undefined method App\\Http\\Kernel::getRouteMiddleware() in Command line code:1
Stack trace:
#0 {main}
  thrown at Command line code:1)
[stacktrace]
#0 {main}
"} 
